c:\users\anton\desktop\uni\4. semester\cg\cg_framework\build\cg_framework.dir\debug\vc141.pdb
c:\users\anton\desktop\uni\4. semester\cg\cg_framework\build\cg_framework.dir\debug\vertexbufferobjectattribs.obj
c:\users\anton\desktop\uni\4. semester\cg\cg_framework\build\cg_framework.dir\debug\vector4.obj
c:\users\anton\desktop\uni\4. semester\cg\cg_framework\build\cg_framework.dir\debug\vector3.obj
c:\users\anton\desktop\uni\4. semester\cg\cg_framework\build\cg_framework.dir\debug\vector2.obj
c:\users\anton\desktop\uni\4. semester\cg\cg_framework\build\cg_framework.dir\debug\tgaloader.obj
c:\users\anton\desktop\uni\4. semester\cg\cg_framework\build\cg_framework.dir\debug\shader.obj
c:\users\anton\desktop\uni\4. semester\cg\cg_framework\build\cg_framework.dir\debug\objloader.obj
c:\users\anton\desktop\uni\4. semester\cg\cg_framework\build\cg_framework.dir\debug\modelobj.obj
c:\users\anton\desktop\uni\4. semester\cg\cg_framework\build\cg_framework.dir\debug\matrix4x4.obj
c:\users\anton\desktop\uni\4. semester\cg\cg_framework\build\cg_framework.dir\debug\matrix3x3.obj
c:\users\anton\desktop\uni\4. semester\cg\cg_framework\build\cg_framework.dir\debug\common.obj
c:\users\anton\desktop\uni\4. semester\cg\cg_framework\build\cg_framework.dir\debug\application.obj
c:\users\anton\desktop\uni\4. semester\cg\cg_framework\build\cg_framework.dir\debug\main.obj
c:\users\anton\desktop\uni\4. semester\cg\cg_framework\build\cmakefiles\generate.stamp
c:\users\anton\desktop\uni\4. semester\cg\cg_framework\build\debug\cg_framework.ilk
c:\users\anton\desktop\uni\4. semester\cg\cg_framework\build\debug\cg_framework.exe
c:\users\anton\desktop\uni\4. semester\cg\cg_framework\build\debug\cg_framework.pdb
c:\users\anton\desktop\uni\4. semester\cg\cg_framework\build\cg_framework.dir\debug\cg_framework.tlog\cl.command.1.tlog
c:\users\anton\desktop\uni\4. semester\cg\cg_framework\build\cg_framework.dir\debug\cg_framework.tlog\cl.read.1.tlog
c:\users\anton\desktop\uni\4. semester\cg\cg_framework\build\cg_framework.dir\debug\cg_framework.tlog\cl.write.1.tlog
c:\users\anton\desktop\uni\4. semester\cg\cg_framework\build\cg_framework.dir\debug\cg_framework.tlog\custombuild.command.1.tlog
c:\users\anton\desktop\uni\4. semester\cg\cg_framework\build\cg_framework.dir\debug\cg_framework.tlog\custombuild.read.1.tlog
c:\users\anton\desktop\uni\4. semester\cg\cg_framework\build\cg_framework.dir\debug\cg_framework.tlog\custombuild.write.1.tlog
c:\users\anton\desktop\uni\4. semester\cg\cg_framework\build\cg_framework.dir\debug\cg_framework.tlog\link.command.1.tlog
c:\users\anton\desktop\uni\4. semester\cg\cg_framework\build\cg_framework.dir\debug\cg_framework.tlog\link.read.1.tlog
c:\users\anton\desktop\uni\4. semester\cg\cg_framework\build\cg_framework.dir\debug\cg_framework.tlog\link.write.1.tlog
